\BOOKMARK [1][-]{section*.1}{\376\377\000O\000p\000t\000i\000o\000n\000s\000\040\000C\000h\000e\000a\000t\000s\000h\000e\000e\000t}{}% 1
\BOOKMARK [0][-]{section*.2}{\376\377\000[\0001\000.\0002\0005\000e\000m\000]\000[\000l\000]\000I\000\040\000\040\000D\000o\000c\000u\000m\000e\000n\000t\000\040\000S\000e\000t\000u\000p}{}% 2
\BOOKMARK [1][-]{section*.3}{\376\377\000R\000e\000q\000u\000i\000r\000e\000m\000e\000n\000t\000s}{section*.2}% 3
\BOOKMARK [1][-]{section*.4}{\376\377\000P\000a\000g\000e\000\040\000S\000e\000t\000u\000p}{section*.2}% 4
\BOOKMARK [2][-]{subsection*.5}{\376\377\000M\000a\000r\000g\000i\000n\000s}{section*.4}% 5
\BOOKMARK [2][-]{subsection*.6}{\376\377\000T\000i\000t\000l\000e\000\040\000P\000a\000g\000e}{section*.4}% 6
\BOOKMARK [2][-]{subsection*.7}{\376\377\000T\000a\000b\000l\000e\000\040\000o\000f\000\040\000C\000o\000n\000t\000e\000n\000t\000s}{section*.4}% 7
\BOOKMARK [2][-]{subsection*.8}{\376\377\000I\000n\000d\000e\000x\000\040\000o\000f\000\040\000D\000e\000f\000i\000n\000i\000t\000i\000o\000n\000s}{section*.4}% 8
\BOOKMARK [1][-]{section*.9}{\376\377\000H\000e\000a\000d\000e\000r\000s}{section*.2}% 9
\BOOKMARK [0][-]{section*.10}{\376\377\000[\0001\000.\0002\0005\000e\000m\000]\000[\000l\000]\000I\000I\000\040\000\040\000E\000n\000v\000i\000r\000o\000n\000m\000e\000n\000t\000s\000\040\000a\000n\000d\000\040\000L\000a\000b\000e\000l\000s}{}% 10
\BOOKMARK [1][-]{section*.11}{\376\377\000D\000e\000f\000i\000n\000i\000t\000i\000o\000n\000s}{section*.10}% 11
\BOOKMARK [1][-]{section*.12}{\376\377\000P\000r\000o\000p\000o\000s\000i\000t\000i\000o\000n\000s}{section*.10}% 12
\BOOKMARK [1][-]{section*.13}{\376\377\000E\000n\000v\000i\000r\000o\000n\000m\000e\000n\000t\000s}{section*.10}% 13
\BOOKMARK [2][-]{subsection*.14}{\376\377\000T\000h\000e\000o\000r\000e\000m\000s\000\040\000a\000n\000d\000\040\000E\000x\000a\000m\000p\000l\000e\000s}{section*.13}% 14
\BOOKMARK [2][-]{subsection*.15}{\376\377\000P\000r\000o\000o\000f\000s}{section*.13}% 15
\BOOKMARK [1][-]{section*.16}{\376\377\000M\000a\000r\000g\000i\000n\000\040\000T\000e\000x\000t}{section*.10}% 16
\BOOKMARK [1][-]{section*.17}{\376\377\000L\000a\000b\000e\000l\000s}{section*.10}% 17
\BOOKMARK [0][-]{section*.18}{\376\377\000[\0001\000.\0002\0005\000e\000m\000]\000[\000l\000]\000I\000I\000I\000\040\000\040\000C\000u\000s\000t\000o\000m\000i\000z\000a\000t\000i\000o\000n}{}% 18
\BOOKMARK [1][-]{section*.19}{\376\377\000E\000x\000t\000r\000a\000\040\000C\000o\000m\000m\000a\000n\000d\000s\000\040\000a\000n\000d\000\040\000O\000p\000t\000i\000o\000n\000s}{section*.18}% 19
\BOOKMARK [1][-]{section*.20}{\376\377\000C\000o\000l\000o\000r\000s}{section*.18}% 20
\BOOKMARK [1][-]{section*.21}{\376\377\000H\000i\000d\000d\000e\000n\000\040\000C\000o\000u\000n\000t\000e\000r\000s}{section*.18}% 21
\BOOKMARK [1][-]{section*.22}{\376\377\000M\000i\000s\000c\000e\000l\000l\000a\000n\000e\000o\000u\000s}{section*.18}% 22
\BOOKMARK [0][-]{section*.23}{\376\377\000I\000n\000d\000e\000x\000\040\000o\000f\000\040\000D\000e\000f\000i\000n\000i\000t\000i\000o\000n\000s}{}% 23
